<?xml version="1.0" encoding="UTF-8"?>
<!-- Generated by org.testng.reporters.JUnitReportReporter -->
<testsuite skipped="0" hostname="DESKTOP-72TFST5" name="Testngexample.Login" tests="1" failures="0" timestamp="25 Feb 2019 00:58:41 GMT" time="6.388" errors="0">
  <testcase name="Facebook" time="6.388" classname="Testngexample.Login"/>
</testsuite> <!-- Testngexample.Login -->
