<?xml version="1.0" encoding="UTF-8"?>
<!-- Generated by org.testng.reporters.JUnitReportReporter -->
<testsuite skipped="0" hostname="DESKTOP-72TFST5" name="Testngexample.BrowserSelect" tests="1" failures="0" timestamp="20 Feb 2019 15:30:34 GMT" time="6.098" errors="0">
  <testcase name="Launch" time="6.098" classname="Testngexample.BrowserSelect"/>
</testsuite> <!-- Testngexample.BrowserSelect -->
