<?xml version="1.0" encoding="UTF-8"?>
<!-- Generated by org.testng.reporters.JUnitReportReporter -->
<testsuite skipped="0" hostname="DESKTOP-72TFST5" name="Testngexample.GroupsTC" tests="3" failures="0" timestamp="19 Feb 2019 21:18:24 GMT" time="0.015" errors="0">
  <testcase name="C" time="0.003" classname="Testngexample.GroupsTC"/>
  <testcase name="D" time="0.002" classname="Testngexample.GroupsTC"/>
  <testcase name="A" time="0.010" classname="Testngexample.GroupsTC"/>
</testsuite> <!-- Testngexample.GroupsTC -->
