<?xml version="1.0" encoding="UTF-8"?>
<!-- Generated by org.testng.reporters.JUnitReportReporter -->
<testsuite skipped="0" hostname="DESKTOP-72TFST5" name="Testngexample.dataProvider" tests="3" failures="0" timestamp="21 Feb 2019 00:38:54 GMT" time="0.017" errors="0">
  <testcase name="Login" time="0.010" classname="Testngexample.dataProvider"/>
  <testcase name="Login" time="0.001" classname="Testngexample.dataProvider"/>
  <testcase name="Login" time="0.006" classname="Testngexample.dataProvider"/>
</testsuite> <!-- Testngexample.dataProvider -->
