<?xml version="1.0" encoding="UTF-8"?>
<!-- Generated by org.testng.reporters.JUnitReportReporter -->
<testsuite skipped="0" hostname="DESKTOP-72TFST5" name="Testngexample.moretC" tests="3" failures="0" timestamp="19 Feb 2019 18:28:22 GMT" time="0.013" errors="0">
  <testcase name="Compose" time="0.010" classname="Testngexample.moretC"/>
  <testcase name="Login" time="0.000" classname="Testngexample.moretC"/>
  <testcase name="Logout" time="0.003" classname="Testngexample.moretC"/>
</testsuite> <!-- Testngexample.moretC -->
