<?xml version="1.0" encoding="UTF-8"?>
<!-- Generated by org.testng.reporters.JUnitReportReporter -->
<testsuite skipped="0" hostname="DESKTOP-72TFST5" name="Testngexample.SampleEx" tests="1" failures="0" timestamp="18 Feb 2019 20:17:59 GMT" time="0.014" errors="0">
  <testcase name="display" time="0.014" classname="Testngexample.SampleEx"/>
</testsuite> <!-- Testngexample.SampleEx -->
