<?xml version="1.0" encoding="UTF-8"?>
<!-- Generated by org.testng.reporters.JUnitReportReporter -->
<testsuite skipped="0" hostname="DESKTOP-72TFST5" name="Testngexample.ParallelTC" tests="4" failures="0" timestamp="20 Feb 2019 15:39:31 GMT" time="0.061" errors="0">
  <testcase name="B" time="0.019" classname="Testngexample.ParallelTC"/>
  <testcase name="A" time="0.019" classname="Testngexample.ParallelTC"/>
  <testcase name="C" time="0.019" classname="Testngexample.ParallelTC"/>
  <testcase name="D" time="0.004" classname="Testngexample.ParallelTC"/>
</testsuite> <!-- Testngexample.ParallelTC -->
